
    
<-<-<================================================================================>->->
    File generated by leekslazylogger v2.0.7 by eartharoid (http://leeks.js.org/logger)
    TicketBot | Log File
    Monday, 8th March 2021, 16:13 pm (America/New_York) -->
    Node: v14.15.4 on 'Windows' | Time format: 'HH:mm:ss' | Date format: 'YYYY-MM-DD'
<-<-<================================================================================>->->



    
<-<-<================================================================================>->->
    File generated by leekslazylogger v2.0.7 by eartharoid (http://leeks.js.org/logger)
    TicketBot | Log File
    Monday, 8th March 2021, 16:14 pm (America/New_York) -->
    Node: v14.15.4 on 'Windows' | Time format: 'HH:mm:ss' | Date format: 'YYYY-MM-DD'
<-<-<================================================================================>->->


[16:14:08 | INFO] Using SQLite storage
[16:14:08 | INFO] > Loaded debug event
[16:14:08 | INFO] > Loaded error event
[16:14:08 | INFO] > Loaded message event
[16:14:08 | INFO] > Loaded messageDelete event
[16:14:08 | INFO] > Loaded messageReactionAdd event
[16:14:08 | INFO] > Loaded messageUpdate event
[16:14:08 | INFO] > Loaded rateLimit event
[16:14:08 | INFO] > Loaded ready event
[16:14:08 | INFO] > Loaded warn event
[16:14:08 | INFO] > Loaded .add command
[16:14:08 | INFO] > Loaded .ban command
[16:14:08 | INFO] > Loaded .close command
[16:14:08 | INFO] > Loaded .closeall command
[16:14:08 | INFO] > Loaded .delete command
[16:14:08 | INFO] > Loaded .dm command
[16:14:08 | INFO] > Loaded .help command
[16:14:08 | INFO] > Loaded .mute command
[16:14:08 | INFO] > Loaded .new command
[16:14:08 | INFO] > Loaded .panel command
[16:14:08 | INFO] > Loaded .purge command
[16:14:08 | INFO] > Loaded .remove command
[16:14:08 | INFO] > Loaded .rename command
[16:14:08 | INFO] > Loaded .stats command
[16:14:08 | INFO] > Loaded .tickets command
[16:14:08 | INFO] > Loaded .topic command
[16:14:08 | INFO] > Loaded .transcript command
[16:14:08 | INFO] > Loaded .transfer command
[16:14:08 | INFO] > Loaded .Unmute command
[16:14:08 | INFO] Loaded 9 events and 19 commands
[16:14:09 | INFO] Authenticated as Vision Tickets#1886
[16:14:09 | INFO] 'ADMINISTRATOR' permission has been granted
[16:14:14 | INFO] V8.#6760 used the 'help' command

    
<-<-<================================================================================>->->
    File generated by leekslazylogger v2.0.7 by eartharoid (http://leeks.js.org/logger)
    TicketBot | Log File
    Monday, 8th March 2021, 16:30 pm (America/New_York) -->
    Node: v14.15.4 on 'Windows' | Time format: 'HH:mm:ss' | Date format: 'YYYY-MM-DD'
<-<-<================================================================================>->->


[16:30:42 | INFO] Using SQLite storage
[16:30:42 | INFO] > Loaded debug event
[16:30:42 | INFO] > Loaded error event
[16:30:42 | INFO] > Loaded message event
[16:30:42 | INFO] > Loaded messageDelete event
[16:30:42 | INFO] > Loaded messageReactionAdd event
[16:30:42 | INFO] > Loaded messageUpdate event
[16:30:42 | INFO] > Loaded rateLimit event
[16:30:42 | INFO] > Loaded ready event
[16:30:42 | INFO] > Loaded warn event
[16:30:42 | INFO] > Loaded .add command
[16:30:42 | INFO] > Loaded .ban command
[16:30:42 | INFO] > Loaded .close command
[16:30:42 | INFO] > Loaded .closeall command
[16:30:42 | INFO] > Loaded .delete command
[16:30:42 | INFO] > Loaded .dm command
[16:30:42 | INFO] > Loaded .help command
[16:30:42 | INFO] > Loaded .mute command
[16:30:42 | INFO] > Loaded .new command
[16:30:42 | INFO] > Loaded .panel command
[16:30:42 | INFO] > Loaded .purge command
[16:30:42 | INFO] > Loaded .remove command
[16:30:42 | INFO] > Loaded .rename command
[16:30:42 | INFO] > Loaded .stats command
[16:30:42 | INFO] > Loaded .tickets command
[16:30:42 | INFO] > Loaded .topic command
[16:30:42 | INFO] > Loaded .transcript command
[16:30:42 | INFO] > Loaded .transfer command
[16:30:42 | INFO] > Loaded .Unmute command
[16:30:42 | INFO] Loaded 9 events and 19 commands
[16:30:43 | INFO] Authenticated as Vision Tickets#1886
[16:30:43 | INFO] 'ADMINISTRATOR' permission has been granted

    
<-<-<================================================================================>->->
    File generated by leekslazylogger v2.0.7 by eartharoid (http://leeks.js.org/logger)
    TicketBot | Log File
    Monday, 8th March 2021, 16:34 pm (America/New_York) -->
    Node: v14.15.4 on 'Windows' | Time format: 'HH:mm:ss' | Date format: 'YYYY-MM-DD'
<-<-<================================================================================>->->


[16:34:06 | INFO] Using SQLite storage
[16:34:06 | INFO] > Loaded debug event
[16:34:06 | INFO] > Loaded error event
[16:34:06 | INFO] > Loaded message event
[16:34:06 | INFO] > Loaded messageDelete event
[16:34:06 | INFO] > Loaded messageReactionAdd event
[16:34:06 | INFO] > Loaded messageUpdate event
[16:34:06 | INFO] > Loaded rateLimit event
[16:34:06 | INFO] > Loaded ready event
[16:34:06 | INFO] > Loaded warn event
[16:34:06 | INFO] > Loaded .add command
[16:34:06 | INFO] > Loaded .ban command
[16:34:06 | INFO] > Loaded .close command
[16:34:06 | INFO] > Loaded .closeall command
[16:34:06 | INFO] > Loaded .delete command
[16:34:06 | INFO] > Loaded .dm command
[16:34:06 | INFO] > Loaded .help command
[16:34:06 | INFO] > Loaded .mute command
[16:34:06 | INFO] > Loaded .new command
[16:34:06 | INFO] > Loaded .panel command
[16:34:06 | INFO] > Loaded .purge command
[16:34:06 | INFO] > Loaded .remove command
[16:34:06 | INFO] > Loaded .rename command
[16:34:06 | INFO] > Loaded .stats command
[16:34:06 | INFO] > Loaded .tickets command
[16:34:06 | INFO] > Loaded .topic command
[16:34:06 | INFO] > Loaded .transcript command
[16:34:06 | INFO] > Loaded .transfer command
[16:34:06 | INFO] > Loaded .Unmute command
[16:34:06 | INFO] Loaded 9 events and 19 commands
[16:34:07 | INFO] Authenticated as Vision Tickets#1886
[16:34:07 | INFO] 'ADMINISTRATOR' permission has been granted
[16:42:11 | INFO] V8.#6760 used the 'new' command
[16:42:12 | INFO] V8.#6760 created a new ticket (#ticket-6)
[16:42:18 | INFO] V8.#6760 used the 'delete' command
[16:42:20 | INFO] V8.#6760 deleted a ticket (#ticket-6)

    
<-<-<================================================================================>->->
    File generated by leekslazylogger v2.0.7 by eartharoid (http://leeks.js.org/logger)
    TicketBot | Log File
    Monday, 8th March 2021, 16:47 pm (America/New_York) -->
    Node: v14.15.4 on 'Windows' | Time format: 'HH:mm:ss' | Date format: 'YYYY-MM-DD'
<-<-<================================================================================>->->


[16:47:10 | INFO] Using SQLite storage
[16:47:10 | INFO] > Loaded debug event
[16:47:10 | INFO] > Loaded error event
[16:47:10 | INFO] > Loaded message event
[16:47:10 | INFO] > Loaded messageDelete event
[16:47:10 | INFO] > Loaded messageReactionAdd event
[16:47:10 | INFO] > Loaded messageUpdate event
[16:47:10 | INFO] > Loaded rateLimit event
[16:47:10 | INFO] > Loaded ready event
[16:47:10 | INFO] > Loaded warn event
[16:47:10 | INFO] > Loaded .add command
[16:47:10 | INFO] > Loaded .ban command
[16:47:10 | INFO] > Loaded .close command
[16:47:10 | INFO] > Loaded .closeall command
[16:47:10 | INFO] > Loaded .delete command
[16:47:10 | INFO] > Loaded .dm command
[16:47:10 | INFO] > Loaded .help command
[16:47:10 | INFO] > Loaded .mute command
[16:47:10 | INFO] > Loaded .new command
[16:47:10 | INFO] > Loaded .panel command
[16:47:10 | INFO] > Loaded .purge command
[16:47:10 | INFO] > Loaded .remove command
[16:47:10 | INFO] > Loaded .rename command
[16:47:10 | INFO] > Loaded .stats command
[16:47:10 | INFO] > Loaded .tickets command
[16:47:10 | INFO] > Loaded .topic command
[16:47:10 | INFO] > Loaded .transcript command
[16:47:10 | INFO] > Loaded .transfer command
[16:47:10 | INFO] > Loaded .Unmute command
[16:47:10 | INFO] Loaded 9 events and 19 commands
[16:47:11 | INFO] Authenticated as Vision Tickets#1886
[16:47:11 | INFO] 'ADMINISTRATOR' permission has been granted
[17:41:38 | INFO] V8.#6760 used the 'mute' command
[17:41:38 | WARN] An error was not caught
[17:41:38 | WARN] Uncaught TypeError: Cannot read property 'id' of undefined
[17:41:38 | ERROR] TypeError: Cannot read property 'id' of undefined
    at Object.execute (C:\Users\unriv\Documents\GitHub\vision\src\commands\mute.js:39:58)
    at Object.execute (C:\Users\unriv\Documents\GitHub\vision\src\events\message.js:98:12)

    
<-<-<================================================================================>->->
    File generated by leekslazylogger v2.0.7 by eartharoid (http://leeks.js.org/logger)
    TicketBot | Log File
    Monday, 8th March 2021, 17:42 pm (America/New_York) -->
    Node: v14.15.4 on 'Windows' | Time format: 'HH:mm:ss' | Date format: 'YYYY-MM-DD'
<-<-<================================================================================>->->


[17:42:38 | INFO] Using SQLite storage
[17:42:38 | INFO] > Loaded debug event
[17:42:38 | INFO] > Loaded error event
[17:42:38 | INFO] > Loaded message event
[17:42:38 | INFO] > Loaded messageDelete event
[17:42:38 | INFO] > Loaded messageReactionAdd event
[17:42:38 | INFO] > Loaded messageUpdate event
[17:42:38 | INFO] > Loaded rateLimit event
[17:42:38 | INFO] > Loaded ready event
[17:42:38 | INFO] > Loaded warn event
[17:42:38 | INFO] > Loaded .add command
[17:42:38 | INFO] > Loaded .ban command
[17:42:38 | INFO] > Loaded .close command
[17:42:38 | INFO] > Loaded .closeall command
[17:42:38 | INFO] > Loaded .delete command
[17:42:38 | INFO] > Loaded .dm command
[17:42:38 | INFO] > Loaded .help command
[17:42:38 | INFO] > Loaded .new command
[17:42:38 | INFO] > Loaded .mute command
[17:42:38 | INFO] > Loaded .new command
[17:42:38 | INFO] > Loaded .panel command
[17:42:38 | INFO] > Loaded .purge command
[17:42:38 | INFO] > Loaded .remove command
[17:42:38 | INFO] > Loaded .rename command
[17:42:38 | INFO] > Loaded .stats command
[17:42:38 | INFO] > Loaded .tickets command
[17:42:38 | INFO] > Loaded .topic command
[17:42:38 | INFO] > Loaded .transcript command
[17:42:38 | INFO] > Loaded .transfer command
[17:42:38 | INFO] > Loaded .Unmute command
[17:42:38 | INFO] Loaded 9 events and 20 commands
[17:42:39 | INFO] Authenticated as Vision Tickets#1886
[17:42:39 | INFO] 'ADMINISTRATOR' permission has been granted
[17:42:45 | INFO] V8.#6760 used the 'mute' command
[17:44:04 | INFO] V8.#6760 used the 'mute' command
[17:44:26 | INFO] V8.#6760 used the 'mute' command
[17:44:27 | WARN] An error was not caught
[17:44:27 | WARN] Uncaught TypeError: Cannot read property 'id' of undefined
[17:44:27 | ERROR] TypeError: Cannot read property 'id' of undefined
    at Object.execute (C:\Users\unriv\Documents\GitHub\vision\src\commands\mute.js:42:53)
    at processTicksAndRejections (internal/process/task_queues.js:93:5)

    
<-<-<================================================================================>->->
    File generated by leekslazylogger v2.0.7 by eartharoid (http://leeks.js.org/logger)
    TicketBot | Log File
    Monday, 8th March 2021, 17:45 pm (America/New_York) -->
    Node: v14.15.4 on 'Windows' | Time format: 'HH:mm:ss' | Date format: 'YYYY-MM-DD'
<-<-<================================================================================>->->


[17:45:06 | INFO] Using SQLite storage
[17:45:06 | INFO] > Loaded debug event
[17:45:06 | INFO] > Loaded error event
[17:45:06 | INFO] > Loaded message event
[17:45:06 | INFO] > Loaded messageDelete event
[17:45:06 | INFO] > Loaded messageReactionAdd event
[17:45:06 | INFO] > Loaded messageUpdate event
[17:45:06 | INFO] > Loaded rateLimit event
[17:45:06 | INFO] > Loaded ready event
[17:45:06 | INFO] > Loaded warn event
[17:45:06 | INFO] > Loaded .add command
[17:45:06 | INFO] > Loaded .ban command
[17:45:06 | INFO] > Loaded .close command
[17:45:06 | INFO] > Loaded .closeall command
[17:45:06 | INFO] > Loaded .delete command
[17:45:06 | INFO] > Loaded .dm command
[17:45:06 | INFO] > Loaded .help command
[17:45:06 | INFO] > Loaded .new command
[17:45:06 | INFO] > Loaded .mute command
[17:45:06 | INFO] > Loaded .new command
[17:45:06 | INFO] > Loaded .panel command
[17:45:07 | INFO] > Loaded .purge command
[17:45:07 | INFO] > Loaded .remove command
[17:45:07 | INFO] > Loaded .rename command
[17:45:07 | INFO] > Loaded .stats command
[17:45:07 | INFO] > Loaded .tickets command
[17:45:07 | INFO] > Loaded .topic command
[17:45:07 | INFO] > Loaded .transcript command
[17:45:07 | INFO] > Loaded .transfer command
[17:45:07 | INFO] > Loaded .Unmute command
[17:45:07 | INFO] Loaded 9 events and 20 commands
[17:45:07 | INFO] Authenticated as Vision Tickets#1886
[17:45:07 | INFO] 'ADMINISTRATOR' permission has been granted
[17:45:09 | INFO] V8.#6760 used the 'ban' command
[17:45:09 | WARN] An error was not caught
[17:45:09 | WARN] Uncaught ReferenceError: args is not defined
[17:45:09 | ERROR] ReferenceError: args is not defined
    at Object.execute (C:\Users\unriv\Documents\GitHub\vision\src\commands\ban.js:18:14)
    at Object.execute (C:\Users\unriv\Documents\GitHub\vision\src\events\message.js:98:12)

    
<-<-<================================================================================>->->
    File generated by leekslazylogger v2.0.7 by eartharoid (http://leeks.js.org/logger)
    TicketBot | Log File
    Monday, 8th March 2021, 17:45 pm (America/New_York) -->
    Node: v14.15.4 on 'Windows' | Time format: 'HH:mm:ss' | Date format: 'YYYY-MM-DD'
<-<-<================================================================================>->->


[17:45:31 | INFO] Using SQLite storage
[17:45:31 | INFO] > Loaded debug event
[17:45:31 | INFO] > Loaded error event
[17:45:31 | INFO] > Loaded message event
[17:45:31 | INFO] > Loaded messageDelete event
[17:45:31 | INFO] > Loaded messageReactionAdd event
[17:45:31 | INFO] > Loaded messageUpdate event
[17:45:31 | INFO] > Loaded rateLimit event
[17:45:31 | INFO] > Loaded ready event
[17:45:31 | INFO] > Loaded warn event
[17:45:31 | INFO] > Loaded .add command
[17:45:31 | INFO] > Loaded .ban command
[17:45:31 | INFO] > Loaded .close command
[17:45:31 | INFO] > Loaded .closeall command
[17:45:31 | INFO] > Loaded .delete command
[17:45:31 | INFO] > Loaded .dm command
[17:45:31 | INFO] > Loaded .help command
[17:45:31 | INFO] > Loaded .new command
[17:45:31 | INFO] > Loaded .mute command
[17:45:31 | INFO] > Loaded .new command
[17:45:31 | INFO] > Loaded .panel command
[17:45:31 | INFO] > Loaded .purge command
[17:45:31 | INFO] > Loaded .remove command
[17:45:31 | INFO] > Loaded .rename command
[17:45:31 | INFO] > Loaded .stats command
[17:45:31 | INFO] > Loaded .tickets command
[17:45:31 | INFO] > Loaded .topic command
[17:45:31 | INFO] > Loaded .transcript command
[17:45:31 | INFO] > Loaded .transfer command
[17:45:31 | INFO] > Loaded .Unmute command
[17:45:31 | INFO] Loaded 9 events and 20 commands
[17:45:32 | INFO] Authenticated as Vision Tickets#1886
[17:45:32 | INFO] 'ADMINISTRATOR' permission has been granted
[17:45:49 | INFO] V8.#6760 used the 'ban' command
[17:46:06 | INFO] V8.#6760 used the 'mute' command
[17:46:23 | INFO] V8.#6760 used the 'ban' command
[17:46:23 | WARN] An error was not caught
[17:46:23 | WARN] Uncaught TypeError: Cannot read property 'send' of undefined
[17:46:23 | ERROR] TypeError: Cannot read property 'send' of undefined
    at Object.execute (C:\Users\unriv\Documents\GitHub\vision\src\commands\ban.js:23:56)
    at Object.execute (C:\Users\unriv\Documents\GitHub\vision\src\events\message.js:98:12)
[21:35:20 | WARN] Rate-limited! (Enable debug mode in config for details)
